mktextfm STKaiti/ICU
mktextfm STKaiti/ICU
mktextfm STKaiti/ICU
mktextfm STKaiti/ICU
mktextfm STKaiti/B/ICU
mktextfm STKaiti/ICU
mktextfm STKaiti/I/ICU
mktextfm STKaiti/ICU
mktextfm STKaiti/BI/ICU
mktextfm STKaiti/ICU
mktextfm STKaiti/ICU
mktextfm STKaiti/ICU
mktextfm STKaiti/ICU
mktextfm STKaiti/B/ICU
mktextfm STKaiti/ICU
mktextfm STKaiti/I/ICU
mktextfm STKaiti/ICU
mktextfm STKaiti/BI/ICU
mktextfm STKaiti/ICU
mktextfm STKaiti/ICU
mktextfm STKaiti/ICU
mktextfm STKaiti/ICU
mktextfm STKaiti/B/ICU
mktextfm STKaiti/ICU
mktextfm STKaiti/I/ICU
mktextfm STKaiti/ICU
mktextfm STKaiti/BI/ICU
mktextfm STKaiti/ICU
mktextfm STKaiti/ICU
mktextfm STKaiti/ICU
mktextfm STKaiti/ICU
mktextfm STKaiti/B/ICU
mktextfm STKaiti/ICU
mktextfm STKaiti/I/ICU
mktextfm STKaiti/ICU
mktextfm STKaiti/BI/ICU
mktextfm STKaiti/ICU
mktextfm STKaiti/ICU
mktextfm STKaiti/ICU
mktextfm STKaiti/ICU
mktextfm STKaiti/B/ICU
mktextfm STKaiti/ICU
mktextfm STKaiti/I/ICU
mktextfm STKaiti/ICU
mktextfm STKaiti/BI/ICU
mktextfm STKaiti/ICU
mktextfm STKaiti/ICU
mktextfm STKaiti/ICU
mktextfm STKaiti/ICU
mktextfm STKaiti/B/ICU
mktextfm STKaiti/ICU
mktextfm STKaiti/I/ICU
mktextfm STKaiti/ICU
mktextfm STKaiti/BI/ICU
mktextfm FZLanTingHeiS
mktextfm FZLanTingHeiS
mktextfm FZLanTingHeiS
mktextfm FZLanTingHeiS
mktextfm FZLanTingHeiS
mktextfm FZLanTingHeiS
mktextfm FZLanTingHeiS
mktextfm FZLanTingHeiS
mktextfm FZLanTingHeiS
mktextfm FZLanTingHeiS/ICU
mktextfm FZLanTingHeiS/ICU
mktextfm FZLanTingHeiS/ICU
mktextfm FZLanTingHeiS/ICU
mktextfm FZLanTingHeiS/B/ICU
mktextfm FZLanTingHeiS/ICU
mktextfm FZLanTingHeiS/I/ICU
mktextfm FZLanTingHeiS/ICU
mktextfm FZLanTingHeiS/BI/ICU
